# JRE version: OpenJDK Runtime Environment (14.0.1+7) (build 14.0.1+7)
# Java VM: OpenJDK 64-Bit Server VM (14.0.1+7, mixed mode, sharing, tiered, compressed oops, g1 gc, windows-amd64)
Heap:
 garbage-first heap   total 131072K, used 46433K [0x0000000081e00000, 0x0000000100000000)
  region size 1024K, 34 young (34816K), 5 survivors (5120K)
 Metaspace       used 22140K, capacity 22896K, committed 23168K, reserved 1069056K
  class space    used 2400K, capacity 2649K, committed 2688K, reserved 1048576K
GC Heap History (16 events):
Event: 32.030 GC heap before
{Heap before GC invocations=0 (full 0):
 garbage-first heap   total 131072K, used 13312K [0x0000000081e00000, 0x0000000100000000)
  region size 1024K, 13 young (13312K), 0 survivors (0K)
 Metaspace       used 3970K, capacity 6279K, committed 6400K, reserved 1056768K
  class space    used 411K, capacity 651K, committed 768K, reserved 1048576K
}
Event: 32.043 GC heap after
{Heap after GC invocations=1 (full 0):
 garbage-first heap   total 131072K, used 3527K [0x0000000081e00000, 0x0000000100000000)
  region size 1024K, 2 young (2048K), 2 survivors (2048K)
 Metaspace       used 3970K, capacity 6279K, committed 6400K, reserved 1056768K
  class space    used 411K, capacity 651K, committed 768K, reserved 1048576K
}
Event: 33.801 GC heap before
{Heap before GC invocations=1 (full 0):
 garbage-first heap   total 131072K, used 16839K [0x0000000081e00000, 0x0000000100000000)
  region size 1024K, 15 young (15360K), 2 survivors (2048K)
 Metaspace       used 6165K, capacity 7961K, committed 8192K, reserved 1056768K
  class space    used 722K, capacity 913K, committed 1024K, reserved 1048576K
}
Event: 33.806 GC heap after
{Heap after GC invocations=2 (full 0):
 garbage-first heap   total 131072K, used 4176K [0x0000000081e00000, 0x0000000100000000)
  region size 1024K, 1 young (1024K), 1 survivors (1024K)
 Metaspace       used 6165K, capacity 7961K, committed 8192K, reserved 1056768K
  class space    used 722K, capacity 913K, committed 1024K, reserved 1048576K
}
Event: 35.769 GC heap before
{Heap before GC invocations=2 (full 0):
 garbage-first heap   total 131072K, used 31824K [0x0000000081e00000, 0x0000000100000000)
  region size 1024K, 28 young (28672K), 1 survivors (1024K)
 Metaspace       used 9896K, capacity 11322K, committed 11520K, reserved 1058816K
  class space    used 1196K, capacity 1409K, committed 1536K, reserved 1048576K
}
Event: 35.773 GC heap after
{Heap after GC invocations=3 (full 0):
 garbage-first heap   total 131072K, used 5300K [0x0000000081e00000, 0x0000000100000000)
  region size 1024K, 2 young (2048K), 2 survivors (2048K)
 Metaspace       used 9896K, capacity 11322K, committed 11520K, reserved 1058816K
  class space    used 1196K, capacity 1409K, committed 1536K, reserved 1048576K
}
Event: 52.850 GC heap before
{Heap before GC invocations=3 (full 0):
 garbage-first heap   total 131072K, used 81076K [0x0000000081e00000, 0x0000000100000000)
  region size 1024K, 76 young (77824K), 2 survivors (2048K)
 Metaspace       used 14328K, capacity 15186K, committed 15360K, reserved 1062912K
  class space    used 1615K, capacity 1786K, committed 1792K, reserved 1048576K
}
Event: 52.871 GC heap after
{Heap after GC invocations=4 (full 0):
 garbage-first heap   total 131072K, used 11261K [0x0000000081e00000, 0x0000000100000000)
  region size 1024K, 8 young (8192K), 8 survivors (8192K)
 Metaspace       used 14328K, capacity 15186K, committed 15360K, reserved 1062912K
  class space    used 1615K, capacity 1786K, committed 1792K, reserved 1048576K
}
Event: 84.494 GC heap before
{Heap before GC invocations=4 (full 0):
 garbage-first heap   total 131072K, used 80893K [0x0000000081e00000, 0x0000000100000000)
  region size 1024K, 76 young (77824K), 8 survivors (8192K)
 Metaspace       used 16049K, capacity 16795K, committed 16896K, reserved 1064960K
  class space    used 1752K, capacity 1963K, committed 2048K, reserved 1048576K
}
Event: 84.510 GC heap after
{Heap after GC invocations=5 (full 0):
 garbage-first heap   total 131072K, used 14206K [0x0000000081e00000, 0x0000000100000000)
  region size 1024K, 4 young (4096K), 4 survivors (4096K)
 Metaspace       used 16049K, capacity 16795K, committed 16896K, reserved 1064960K
  class space    used 1752K, capacity 1963K, committed 2048K, reserved 1048576K
}
Event: 160.544 GC heap before
{Heap before GC invocations=5 (full 0):
 garbage-first heap   total 131072K, used 87934K [0x0000000081e00000, 0x0000000100000000)
  region size 1024K, 76 young (77824K), 4 survivors (4096K)
 Metaspace       used 18868K, capacity 19487K, committed 19712K, reserved 1067008K
  class space    used 2003K, capacity 2218K, committed 2304K, reserved 1048576K
}
Event: 160.556 GC heap after
{Heap after GC invocations=6 (full 0):
 garbage-first heap   total 131072K, used 16333K [0x0000000081e00000, 0x0000000100000000)
  region size 1024K, 6 young (6144K), 6 survivors (6144K)
 Metaspace       used 18868K, capacity 19487K, committed 19712K, reserved 1067008K
  class space    used 2003K, capacity 2218K, committed 2304K, reserved 1048576K
}
Event: 163.711 GC heap before
{Heap before GC invocations=6 (full 0):
 garbage-first heap   total 131072K, used 54221K [0x0000000081e00000, 0x0000000100000000)
  region size 1024K, 20 young (20480K), 6 survivors (6144K)
 Metaspace       used 20519K, capacity 21089K, committed 21248K, reserved 1069056K
  class space    used 2234K, capacity 2452K, committed 2560K, reserved 1048576K
}
Event: 163.723 GC heap after
{Heap after GC invocations=7 (full 0):
 garbage-first heap   total 131072K, used 42270K [0x0000000081e00000, 0x0000000100000000)
  region size 1024K, 4 young (4096K), 4 survivors (4096K)
 Metaspace       used 20519K, capacity 21089K, committed 21248K, reserved 1069056K
  class space    used 2234K, capacity 2452K, committed 2560K, reserved 1048576K
}
Event: 176.924 GC heap before
{Heap before GC invocations=8 (full 0):
 garbage-first heap   total 131072K, used 102686K [0x0000000081e00000, 0x0000000100000000)
  region size 1024K, 64 young (65536K), 4 survivors (4096K)
 Metaspace       used 22009K, capacity 22731K, committed 22912K, reserved 1069056K
  class space    used 2393K, capacity 2639K, committed 2688K, reserved 1048576K
}
Event: 176.932 GC heap after
{Heap after GC invocations=9 (full 0):
 garbage-first heap   total 131072K, used 18785K [0x0000000081e00000, 0x0000000100000000)
  region size 1024K, 5 young (5120K), 5 survivors (5120K)
 Metaspace       used 22009K, capacity 22731K, committed 22912K, reserved 1069056K
  class space    used 2393K, capacity 2639K, committed 2688K, reserved 1048576K
}

